C:\USERS\MATW7\DOCUMENTS\VISUAL STUDIO 2012\PROJECTS\RESIZE\RESIZE\X64\RELEASE\RESIZEMANUAL.OBJ
C:\USERS\MATW7\DOCUMENTS\VISUAL STUDIO 2012\PROJECTS\RESIZE\RESIZE\X64\RELEASE\RESIZEAUTOMATIC.OBJ
C:\USERS\MATW7\DOCUMENTS\VISUAL STUDIO 2012\PROJECTS\RESIZE\RESIZE\X64\RELEASE\RESIZE.OBJ
C:\USERS\MATW7\DOCUMENTS\VISUAL STUDIO 2012\PROJECTS\RESIZE\RESIZE\X64\RELEASE\VC110.PDB
C:\USERS\MATW7\DOCUMENTS\VISUAL STUDIO 2012\PROJECTS\RESIZE\X64\RELEASE\RESIZE.EXE
C:\USERS\MATW7\DOCUMENTS\VISUAL STUDIO 2012\PROJECTS\RESIZE\X64\RELEASE\RESIZE.PDB
C:\Users\matW7\Documents\Visual Studio 2012\Projects\Resize\Resize\x64\Release\resize.obj
C:\Users\matW7\Documents\Visual Studio 2012\Projects\Resize\Resize\x64\Release\resizeAutomatic.obj
C:\Users\matW7\Documents\Visual Studio 2012\Projects\Resize\Resize\x64\Release\resizeManual.obj
C:\Users\matW7\Documents\Visual Studio 2012\Projects\Resize\Resize\x64\Release\cl.command.1.tlog
C:\Users\matW7\Documents\Visual Studio 2012\Projects\Resize\Resize\x64\Release\CL.read.1.tlog
C:\Users\matW7\Documents\Visual Studio 2012\Projects\Resize\Resize\x64\Release\CL.write.1.tlog
C:\Users\matW7\Documents\Visual Studio 2012\Projects\Resize\Resize\x64\Release\link-cvtres.read.1.tlog
C:\Users\matW7\Documents\Visual Studio 2012\Projects\Resize\Resize\x64\Release\link-cvtres.write.1.tlog
C:\Users\matW7\Documents\Visual Studio 2012\Projects\Resize\Resize\x64\Release\link-rc.read.1.tlog
C:\Users\matW7\Documents\Visual Studio 2012\Projects\Resize\Resize\x64\Release\link-rc.write.1.tlog
C:\Users\matW7\Documents\Visual Studio 2012\Projects\Resize\Resize\x64\Release\link.command.1.tlog
C:\Users\matW7\Documents\Visual Studio 2012\Projects\Resize\Resize\x64\Release\link.read.1.tlog
C:\Users\matW7\Documents\Visual Studio 2012\Projects\Resize\Resize\x64\Release\link.write.1.tlog
C:\Users\matW7\Documents\Visual Studio 2012\Projects\Resize\Resize\x64\Release\vc110.pdb
C:\Users\matW7\Documents\Visual Studio 2012\Projects\Resize\x64\Release\Resize.pdb
C:\Users\matW7\Documents\Visual Studio 2012\Projects\Resize\x64\Release\Resize.exe
