C:\USERS\MATW7\DOCUMENTS\VISUAL STUDIO 2012\PROJECTS\RESIZE\RESIZE\X64\DEBUG\RESIZE.OBJ
C:\USERS\MATW7\DOCUMENTS\VISUAL STUDIO 2012\PROJECTS\RESIZE\RESIZE\X64\DEBUG\RESIZEAUTOMATIC.OBJ
C:\USERS\MATW7\DOCUMENTS\VISUAL STUDIO 2012\PROJECTS\RESIZE\RESIZE\X64\DEBUG\RESIZEMANUAL.OBJ
C:\USERS\MATW7\DOCUMENTS\VISUAL STUDIO 2012\PROJECTS\RESIZE\RESIZE\X64\DEBUG\VC110.PDB
C:\USERS\MATW7\DOCUMENTS\VISUAL STUDIO 2012\PROJECTS\RESIZE\X64\DEBUG\RESIZE.ILK
C:\USERS\MATW7\DOCUMENTS\VISUAL STUDIO 2012\PROJECTS\RESIZE\X64\DEBUG\RESIZE.EXE
C:\USERS\MATW7\DOCUMENTS\VISUAL STUDIO 2012\PROJECTS\RESIZE\X64\DEBUG\RESIZE.PDB
C:\Users\matW7\Documents\Visual Studio 2012\Projects\Resize\Resize\x64\Debug\resize.obj
C:\Users\matW7\Documents\Visual Studio 2012\Projects\Resize\Resize\x64\Debug\resizeAutomatic.obj
C:\Users\matW7\Documents\Visual Studio 2012\Projects\Resize\Resize\x64\Debug\resizeManual.obj
C:\Users\matW7\Documents\Visual Studio 2012\Projects\Resize\Resize\x64\Debug\cl.command.1.tlog
C:\Users\matW7\Documents\Visual Studio 2012\Projects\Resize\Resize\x64\Debug\CL.read.1.tlog
C:\Users\matW7\Documents\Visual Studio 2012\Projects\Resize\Resize\x64\Debug\CL.write.1.tlog
C:\Users\matW7\Documents\Visual Studio 2012\Projects\Resize\Resize\x64\Debug\link-cvtres.read.1.tlog
C:\Users\matW7\Documents\Visual Studio 2012\Projects\Resize\Resize\x64\Debug\link-cvtres.write.1.tlog
C:\Users\matW7\Documents\Visual Studio 2012\Projects\Resize\Resize\x64\Debug\link-rc.read.1.tlog
C:\Users\matW7\Documents\Visual Studio 2012\Projects\Resize\Resize\x64\Debug\link-rc.write.1.tlog
C:\Users\matW7\Documents\Visual Studio 2012\Projects\Resize\Resize\x64\Debug\link.5416-cvtres.read.1.tlog
C:\Users\matW7\Documents\Visual Studio 2012\Projects\Resize\Resize\x64\Debug\link.5416-cvtres.write.1.tlog
C:\Users\matW7\Documents\Visual Studio 2012\Projects\Resize\Resize\x64\Debug\link.5416-rc.read.1.tlog
C:\Users\matW7\Documents\Visual Studio 2012\Projects\Resize\Resize\x64\Debug\link.5416-rc.write.1.tlog
C:\Users\matW7\Documents\Visual Studio 2012\Projects\Resize\Resize\x64\Debug\link.5416.read.1.tlog
C:\Users\matW7\Documents\Visual Studio 2012\Projects\Resize\Resize\x64\Debug\link.5416.write.1.tlog
C:\Users\matW7\Documents\Visual Studio 2012\Projects\Resize\Resize\x64\Debug\link.5760-cvtres.read.1.tlog
C:\Users\matW7\Documents\Visual Studio 2012\Projects\Resize\Resize\x64\Debug\link.5760-cvtres.write.1.tlog
C:\Users\matW7\Documents\Visual Studio 2012\Projects\Resize\Resize\x64\Debug\link.5760-rc.read.1.tlog
C:\Users\matW7\Documents\Visual Studio 2012\Projects\Resize\Resize\x64\Debug\link.5760-rc.write.1.tlog
C:\Users\matW7\Documents\Visual Studio 2012\Projects\Resize\Resize\x64\Debug\link.5760.read.1.tlog
C:\Users\matW7\Documents\Visual Studio 2012\Projects\Resize\Resize\x64\Debug\link.5760.write.1.tlog
C:\Users\matW7\Documents\Visual Studio 2012\Projects\Resize\Resize\x64\Debug\link.852-cvtres.read.1.tlog
C:\Users\matW7\Documents\Visual Studio 2012\Projects\Resize\Resize\x64\Debug\link.852-cvtres.write.1.tlog
C:\Users\matW7\Documents\Visual Studio 2012\Projects\Resize\Resize\x64\Debug\link.852-rc.read.1.tlog
C:\Users\matW7\Documents\Visual Studio 2012\Projects\Resize\Resize\x64\Debug\link.852-rc.write.1.tlog
C:\Users\matW7\Documents\Visual Studio 2012\Projects\Resize\Resize\x64\Debug\link.852.read.1.tlog
C:\Users\matW7\Documents\Visual Studio 2012\Projects\Resize\Resize\x64\Debug\link.852.write.1.tlog
C:\Users\matW7\Documents\Visual Studio 2012\Projects\Resize\Resize\x64\Debug\link.command.1.tlog
C:\Users\matW7\Documents\Visual Studio 2012\Projects\Resize\Resize\x64\Debug\link.read.1.tlog
C:\Users\matW7\Documents\Visual Studio 2012\Projects\Resize\Resize\x64\Debug\link.write.1.tlog
C:\Users\matW7\Documents\Visual Studio 2012\Projects\Resize\Resize\x64\Debug\vc110.idb
C:\Users\matW7\Documents\Visual Studio 2012\Projects\Resize\Resize\x64\Debug\vc110.pdb
C:\Users\matW7\Documents\Visual Studio 2012\Projects\Resize\x64\Debug\Resize.pdb
C:\Users\matW7\Documents\Visual Studio 2012\Projects\Resize\x64\Debug\Resize.exe
C:\Users\matW7\Documents\Visual Studio 2012\Projects\Resize\x64\Debug\Resize.ilk
